This is pdfTeX, Version 3.14159265-2.6-1.40.17 (TeX Live 2016/Debian) (preloaded format=pdflatex 2018.1.18)  26 JUN 2018 18:54
entering extended mode
 restricted \write18 enabled.
 %&-line parsing enabled.
**TutorialEDF.tex
(./TutorialEDF.tex
LaTeX2e <2017/01/01> patch level 3
Babel <3.9r> and hyphenation patterns for 6 language(s) loaded.
(./ufsmreport.cls
Document Class: ufsmreport 2009/06/18 Versao 2.1 Tiago da Silveira
(/usr/share/texlive/texmf-dist/tex/latex/graphics/graphicx.sty
Package: graphicx 2014/10/28 v1.0g Enhanced LaTeX Graphics (DPC,SPQR)

(/usr/share/texlive/texmf-dist/tex/latex/graphics/keyval.sty
Package: keyval 2014/10/28 v1.15 key=value parser (DPC)
\KV@toks@=\toks14
)
(/usr/share/texlive/texmf-dist/tex/latex/graphics/graphics.sty
Package: graphics 2016/10/09 v1.0u Standard LaTeX Graphics (DPC,SPQR)

(/usr/share/texlive/texmf-dist/tex/latex/graphics/trig.sty
Package: trig 2016/01/03 v1.10 sin cos tan (DPC)
)
(/usr/share/texlive/texmf-dist/tex/latex/graphics-cfg/graphics.cfg
File: graphics.cfg 2016/06/04 v1.11 sample graphics configuration
)
Package graphics Info: Driver file: pdftex.def on input line 99.

(/usr/share/texlive/texmf-dist/tex/latex/graphics-def/pdftex.def
File: pdftex.def 2017/01/12 v0.06k Graphics/color for pdfTeX

(/usr/share/texlive/texmf-dist/tex/generic/oberdiek/infwarerr.sty
Package: infwarerr 2016/05/16 v1.4 Providing info/warning/error messages (HO)
)
(/usr/share/texlive/texmf-dist/tex/generic/oberdiek/ltxcmds.sty
Package: ltxcmds 2016/05/16 v1.23 LaTeX kernel commands for general use (HO)
)
\Gread@gobject=\count79
))
\Gin@req@height=\dimen102
\Gin@req@width=\dimen103
)
(/usr/share/texlive/texmf-dist/tex/latex/tools/multicol.sty
Package: multicol 2016/04/07 v1.8p multicolumn formatting (FMi)
\c@tracingmulticols=\count80
\mult@box=\box26
\multicol@leftmargin=\dimen104
\c@unbalance=\count81
\c@collectmore=\count82
\doublecol@number=\count83
\multicoltolerance=\count84
\multicolpretolerance=\count85
\full@width=\dimen105
\page@free=\dimen106
\premulticols=\dimen107
\postmulticols=\dimen108
\multicolsep=\skip41
\multicolbaselineskip=\skip42
\partial@page=\box27
\last@line=\box28
\maxbalancingoverflow=\dimen109
\mult@rightbox=\box29
\mult@grightbox=\box30
\mult@gfirstbox=\box31
\mult@firstbox=\box32
\@tempa=\box33
\@tempa=\box34
\@tempa=\box35
\@tempa=\box36
\@tempa=\box37
\@tempa=\box38
\@tempa=\box39
\@tempa=\box40
\@tempa=\box41
\@tempa=\box42
\@tempa=\box43
\@tempa=\box44
\@tempa=\box45
\@tempa=\box46
\@tempa=\box47
\@tempa=\box48
\@tempa=\box49
\c@columnbadness=\count86
\c@finalcolumnbadness=\count87
\last@try=\dimen110
\multicolovershoot=\dimen111
\multicolundershoot=\dimen112
\mult@nat@firstbox=\box50
\colbreak@box=\box51
\mc@col@check@num=\count88
)
(/usr/share/texlive/texmf-dist/tex/latex/base/report.cls
Document Class: report 2014/09/29 v1.4h Standard LaTeX document class
(/usr/share/texlive/texmf-dist/tex/latex/base/size11.clo
File: size11.clo 2014/09/29 v1.4h Standard LaTeX file (size option)
)
\c@part=\count89
\c@chapter=\count90
\c@section=\count91
\c@subsection=\count92
\c@subsubsection=\count93
\c@paragraph=\count94
\c@subparagraph=\count95
\c@figure=\count96
\c@table=\count97
\abovecaptionskip=\skip43
\belowcaptionskip=\skip44
\bibindent=\dimen113
)
\@kapbox=\box52
\@kapcount=\count98
\t@a=\toks15
\t@b=\toks16
\UFSM@vup=\skip45
\UFSM@vdown=\skip46
\UFSM@tph=\skip47
\UFSM@hleft=\skip48
\UFSM@tpw=\skip49
\UFSM@vbannerwidth=\skip50
\UFSM@tpew=\skip51
)
(/usr/share/texlive/texmf-dist/tex/latex/amsmath/amsmath.sty
Package: amsmath 2016/11/05 v2.16a AMS math features
\@mathmargin=\skip52

For additional information on amsmath, use the `?' option.
(/usr/share/texlive/texmf-dist/tex/latex/amsmath/amstext.sty
Package: amstext 2000/06/29 v2.01 AMS text

(/usr/share/texlive/texmf-dist/tex/latex/amsmath/amsgen.sty
File: amsgen.sty 1999/11/30 v2.0 generic functions
\@emptytoks=\toks17
\ex@=\dimen114
))
(/usr/share/texlive/texmf-dist/tex/latex/amsmath/amsbsy.sty
Package: amsbsy 1999/11/29 v1.2d Bold Symbols
\pmbraise@=\dimen115
)
(/usr/share/texlive/texmf-dist/tex/latex/amsmath/amsopn.sty
Package: amsopn 2016/03/08 v2.02 operator names
)
\inf@bad=\count99
LaTeX Info: Redefining \frac on input line 213.
\uproot@=\count100
\leftroot@=\count101
LaTeX Info: Redefining \overline on input line 375.
\classnum@=\count102
\DOTSCASE@=\count103
LaTeX Info: Redefining \ldots on input line 472.
LaTeX Info: Redefining \dots on input line 475.
LaTeX Info: Redefining \cdots on input line 596.
\Mathstrutbox@=\box53
\strutbox@=\box54
\big@size=\dimen116
LaTeX Font Info:    Redeclaring font encoding OML on input line 712.
LaTeX Font Info:    Redeclaring font encoding OMS on input line 713.
\macc@depth=\count104
\c@MaxMatrixCols=\count105
\dotsspace@=\muskip10
\c@parentequation=\count106
\dspbrk@lvl=\count107
\tag@help=\toks18
\row@=\count108
\column@=\count109
\maxfields@=\count110
\andhelp@=\toks19
\eqnshift@=\dimen117
\alignsep@=\dimen118
\tagshift@=\dimen119
\tagwidth@=\dimen120
\totwidth@=\dimen121
\lineht@=\dimen122
\@envbody=\toks20
\multlinegap=\skip53
\multlinetaggap=\skip54
\mathdisplay@stack=\toks21
LaTeX Info: Redefining \[ on input line 2817.
LaTeX Info: Redefining \] on input line 2818.
)
(/usr/share/texlive/texmf-dist/tex/latex/amsfonts/amsfonts.sty
Package: amsfonts 2013/01/14 v3.01 Basic AMSFonts support
\symAMSa=\mathgroup4
\symAMSb=\mathgroup5
LaTeX Font Info:    Overwriting math alphabet `\mathfrak' in version `bold'
(Font)                  U/euf/m/n --> U/euf/b/n on input line 106.
)
(/usr/share/texlive/texmf-dist/tex/latex/tools/verbatim.sty
Package: verbatim 2014/10/28 v1.5q LaTeX2e package for verbatim enhancements
\every@verbatim=\toks22
\verbatim@line=\toks23
\verbatim@in@stream=\read1
)
(/usr/share/texlive/texmf-dist/tex/latex/amsfonts/amssymb.sty
Package: amssymb 2013/01/14 v3.01 AMS font symbols
)
(/usr/share/texlive/texmf-dist/tex/latex/base/inputenc.sty
Package: inputenc 2015/03/17 v1.2c Input encoding file
\inpenc@prehook=\toks24
\inpenc@posthook=\toks25

(/usr/share/texlive/texmf-dist/tex/latex/base/latin1.def
File: latin1.def 2015/03/17 v1.2c Input encoding file
))
(/usr/share/texlive/texmf-dist/tex/generic/babel/babel.sty
Package: babel 2016/04/23 3.9r The Babel package

(/usr/share/texlive/texmf-dist/tex/generic/babel-portuges/portuges.ldf
Language: portuges 2008/03/18 v1.2q Portuguese support from the babel system

(/usr/share/texlive/texmf-dist/tex/generic/babel/babel.def
File: babel.def 2016/04/23 3.9r Babel common definitions
\babel@savecnt=\count111
\U@D=\dimen123
)
\l@brazil = a dialect from \language\l@portuges 
Package babel Info: Making " an active character on input line 145.
))
(/usr/share/texlive/texmf-dist/tex/latex/base/fontenc.sty
Package: fontenc 2017/02/22 v2.0g Standard LaTeX package

(/usr/share/texlive/texmf-dist/tex/latex/base/t1enc.def
File: t1enc.def 2017/02/22 v2.0g Standard LaTeX file
LaTeX Font Info:    Redeclaring font encoding T1 on input line 48.
))
(/usr/share/texlive/texmf-dist/tex/latex/tools/indentfirst.sty
Package: indentfirst 1995/11/23 v1.03 Indent first paragraph (DPC)
)
(/usr/share/texlive/texmf-dist/tex/latex/url/url.sty
\Urlmuskip=\muskip11
Package: url 2013/09/16  ver 3.4  Verb mode for urls, etc.
) (./TutorialEDF.aux)
\openout1 = `TutorialEDF.aux'.

LaTeX Font Info:    Checking defaults for OML/cmm/m/it on input line 15.
LaTeX Font Info:    ... okay on input line 15.
LaTeX Font Info:    Checking defaults for T1/cmr/m/n on input line 15.
LaTeX Font Info:    ... okay on input line 15.
LaTeX Font Info:    Checking defaults for OT1/cmr/m/n on input line 15.
LaTeX Font Info:    ... okay on input line 15.
LaTeX Font Info:    Checking defaults for OMS/cmsy/m/n on input line 15.
LaTeX Font Info:    ... okay on input line 15.
LaTeX Font Info:    Checking defaults for OMX/cmex/m/n on input line 15.
LaTeX Font Info:    ... okay on input line 15.
LaTeX Font Info:    Checking defaults for U/cmr/m/n on input line 15.
LaTeX Font Info:    ... okay on input line 15.

(/usr/share/texlive/texmf-dist/tex/context/base/mkii/supp-pdf.mkii
[Loading MPS to PDF converter (version 2006.09.02).]
\scratchcounter=\count112
\scratchdimen=\dimen124
\scratchbox=\box55
\nofMPsegments=\count113
\nofMParguments=\count114
\everyMPshowfont=\toks26
\MPscratchCnt=\count115
\MPscratchDim=\dimen125
\MPnumerator=\count116
\makeMPintoPDFobject=\count117
\everyMPtoPDFconversion=\toks27
) (/usr/share/texlive/texmf-dist/tex/generic/oberdiek/pdftexcmds.sty
Package: pdftexcmds 2016/05/21 v0.22 Utility functions of pdfTeX for LuaTeX (HO
)

(/usr/share/texlive/texmf-dist/tex/generic/oberdiek/ifluatex.sty
Package: ifluatex 2016/05/16 v1.4 Provides the ifluatex switch (HO)
Package ifluatex Info: LuaTeX not detected.
)
(/usr/share/texlive/texmf-dist/tex/generic/oberdiek/ifpdf.sty
Package: ifpdf 2016/05/14 v3.1 Provides the ifpdf switch
)
Package pdftexcmds Info: LuaTeX not detected.
Package pdftexcmds Info: \pdf@primitive is available.
Package pdftexcmds Info: \pdf@ifprimitive is available.
Package pdftexcmds Info: \pdfdraftmode found.
)
(/usr/share/texlive/texmf-dist/tex/latex/oberdiek/epstopdf-base.sty
Package: epstopdf-base 2016/05/15 v2.6 Base part for package epstopdf

(/usr/share/texlive/texmf-dist/tex/latex/oberdiek/grfext.sty
Package: grfext 2016/05/16 v1.2 Manage graphics extensions (HO)

(/usr/share/texlive/texmf-dist/tex/generic/oberdiek/kvdefinekeys.sty
Package: kvdefinekeys 2016/05/16 v1.4 Define keys (HO)
))
(/usr/share/texlive/texmf-dist/tex/latex/oberdiek/kvoptions.sty
Package: kvoptions 2016/05/16 v3.12 Key value format for package options (HO)

(/usr/share/texlive/texmf-dist/tex/generic/oberdiek/kvsetkeys.sty
Package: kvsetkeys 2016/05/16 v1.17 Key value parser (HO)

(/usr/share/texlive/texmf-dist/tex/generic/oberdiek/etexcmds.sty
Package: etexcmds 2016/05/16 v1.6 Avoid name clashes with e-TeX commands (HO)
Package etexcmds Info: Could not find \expanded.
(etexcmds)             That can mean that you are not using pdfTeX 1.50 or
(etexcmds)             that some package has redefined \expanded.
(etexcmds)             In the latter case, load this package earlier.
)))
Package epstopdf-base Info: Redefining graphics rule for `.eps' on input line 4
38.
Package grfext Info: Graphics extension search list:
(grfext)             [.png,.pdf,.jpg,.mps,.jpeg,.jbig2,.jb2,.PNG,.PDF,.JPG,.JPE
G,.JBIG2,.JB2,.eps]
(grfext)             \AppendGraphicsExtensions on input line 456.

(/usr/share/texlive/texmf-dist/tex/latex/latexconfig/epstopdf-sys.cfg
File: epstopdf-sys.cfg 2010/07/13 v1.3 Configuration of (r)epstopdf for TeX Liv
e
))
<./ufsm.jpg, id=1, 321.2pt x 240.9pt>
File: ./ufsm.jpg Graphic file (type jpg)
 <use ./ufsm.jpg>
Package pdftex.def Info: ./ufsm.jpg used on input line 32.
(pdftex.def)             Requested size: 128.47772pt x 96.35828pt.
LaTeX Font Info:    Try loading font information for U+msa on input line 32.

(/usr/share/texlive/texmf-dist/tex/latex/amsfonts/umsa.fd
File: umsa.fd 2013/01/14 v3.01 AMS symbols A
)
LaTeX Font Info:    Try loading font information for U+msb on input line 32.

(/usr/share/texlive/texmf-dist/tex/latex/amsfonts/umsb.fd
File: umsb.fd 2013/01/14 v3.01 AMS symbols B
) [1

{/var/lib/texmf/fonts/map/pdftex/updmap/pdftex.map} <./ufsm.jpg>] (./TutorialED
F.toc)
\tf@toc=\write3
\openout3 = `TutorialEDF.toc'.

 [0

]
Cap\'{\i }tulo 1.
[1

]
Cap\'{\i }tulo 2.
LaTeX Font Info:    Try loading font information for T1+cmss on input line 51.
(/usr/share/texlive/texmf-dist/tex/latex/base/t1cmss.fd
File: t1cmss.fd 2014/09/29 v2.5h Standard LaTeX font definitions
)
LaTeX Font Info:    Try loading font information for OMS+cmr on input line 58.

(/usr/share/texlive/texmf-dist/tex/latex/base/omscmr.fd
File: omscmr.fd 2014/09/29 v2.5h Standard LaTeX font definitions
)
LaTeX Font Info:    Font shape `OMS/cmr/m/n' in size <10.95> not available
(Font)              Font shape `OMS/cmsy/m/n' tried instead on input line 58.

<Dados/3_solub1.jpg, id=22, 286.06876pt x 179.16937pt>
File: Dados/3_solub1.jpg Graphic file (type jpg)

<use Dados/3_solub1.jpg>
Package pdftex.def Info: Dados/3_solub1.jpg used on input line 68.
(pdftex.def)             Requested size: 200.24675pt x 125.4177pt.

<Dados/3_solub2.jpg, id=23, 286.06876pt x 179.16937pt>
File: Dados/3_solub2.jpg Graphic file (type jpg)

<use Dados/3_solub2.jpg>
Package pdftex.def Info: Dados/3_solub2.jpg used on input line 72.
(pdftex.def)             Requested size: 200.24675pt x 125.4177pt.
 [2

]
<Dados/3_solub3.jpg, id=32, 202.50656pt x 149.05687pt>
File: Dados/3_solub3.jpg Graphic file (type jpg)

<use Dados/3_solub3.jpg>
Package pdftex.def Info: Dados/3_solub3.jpg used on input line 87.
(pdftex.def)             Requested size: 141.7536pt x 104.3391pt.

Underfull \hbox (badness 1502) in paragraph at lines 89--89
\T1/cmr/m/n/10.95 ta-ção da mo-lé-cula de $\OML/cmm/m/it/10.95 NaCl$\T1/cmr/m/n
/10.95 . (Fonte:
 []

<Dados/3_solub4.jpg, id=33, 268.00125pt x 158.09062pt>
File: Dados/3_solub4.jpg Graphic file (type jpg)

<use Dados/3_solub4.jpg>
Package pdftex.def Info: Dados/3_solub4.jpg used on input line 95.
(pdftex.def)             Requested size: 187.59958pt x 110.66267pt.

Underfull \hbox (badness 10000) in paragraph at lines 97--97
[]\T1/cmss/bx/n/10 Figura 2.4: []\T1/cmr/m/n/10.95 Con-clu-são do pro-cesso
 []


Underfull \hbox (badness 10000) in paragraph at lines 97--97
\T1/cmr/m/n/10.95 de hi-dra-ta-ção de uma mo-lé-cula de
 []


Underfull \hbox (badness 1838) in paragraph at lines 97--97
\OML/cmm/m/it/10.95 NaCl$ \T1/cmr/m/n/10.95 e dis-so-lu-ção dos íons. (Fonte:
 []

[3 <./Dados/3_solub1.jpg> <./Dados/3_solub2.jpg> <./Dados/3_solub3.jpg> <./Dado
s/3_solub4.jpg>] <Dados/5_neuronio.jpg, id=39, 504.88625pt x 347.2975pt>
File: Dados/5_neuronio.jpg Graphic file (type jpg)

<use Dados/5_neuronio.jpg>
Package pdftex.def Info: Dados/5_neuronio.jpg used on input line 130.
(pdftex.def)             Requested size: 302.93407pt x 208.3801pt.
 [4] [5 <./Dados/5_neuronio.jpg>]
<Dados/7_pot_acao_editado.jpg, id=49, 205.2468pt x 179.9523pt>
File: Dados/7_pot_acao_editado.jpg Graphic file (type jpg)

<use Dados/7_pot_acao_editado.jpg>
Package pdftex.def Info: Dados/7_pot_acao_editado.jpg used on input line 183.
(pdftex.def)             Requested size: 284.56561pt x 142.27332pt.
 [6 <./Dados/7_pot_acao_editado.jpg>]
[7]
Cap\'{\i }tulo 3.
<Dados/8_escalpo.jpg, id=56, 258.21469pt x 268.75406pt>
File: Dados/8_escalpo.jpg Graphic file (type jpg)

<use Dados/8_escalpo.jpg>
Package pdftex.def Info: Dados/8_escalpo.jpg used on input line 212.
(pdftex.def)             Requested size: 180.74904pt x 188.12656pt.
 [8

 <./Dados/8_escalpo.jpg>] [9]
<Dados/9_ritmo.jpg, id=63, 452.4403pt x 369.63094pt>
File: Dados/9_ritmo.jpg Graphic file (type jpg)
 <use Dados/9_ritmo.jpg>
Package pdftex.def Info: Dados/9_ritmo.jpg used on input line 251.
(pdftex.def)             Requested size: 271.46628pt x 221.78026pt.

[10 <./Dados/9_ritmo.jpg>]
<Dados/10_eletrodos1.jpg, id=67, 256.70906pt x 276.28218pt>
File: Dados/10_eletrodos1.jpg Graphic file (type jpg)

<use Dados/10_eletrodos1.jpg>
Package pdftex.def Info: Dados/10_eletrodos1.jpg used on input line 282.
(pdftex.def)             Requested size: 231.03601pt x 248.65166pt.

<Dados/11_eletrodos2.jpg, id=68, 392.96812pt x 497.60907pt>
File: Dados/11_eletrodos2.jpg Graphic file (type jpg)

<use Dados/11_eletrodos2.jpg>
Package pdftex.def Info: Dados/11_eletrodos2.jpg used on input line 293.
(pdftex.def)             Requested size: 353.66803pt x 447.84402pt.


LaTeX Warning: `!h' float specifier changed to `!ht'.

[11 <./Dados/10_eletrodos1.jpg>]
<Dados/12_artefato.jpg, id=73, 393.72093pt x 198.7425pt>
File: Dados/12_artefato.jpg Graphic file (type jpg)

<use Dados/12_artefato.jpg>
Package pdftex.def Info: Dados/12_artefato.jpg used on input line 312.
(pdftex.def)             Requested size: 393.71997pt x 198.742pt.


LaTeX Warning: `!h' float specifier changed to `!ht'.

[12 <./Dados/11_eletrodos2.jpg>] [13 <./Dados/12_artefato.jpg>]
Cap\'{\i }tulo 4.
[14

]
Cap\'{\i }tulo 5.
[15

] <Dados/viewedf_02.jpg, id=88, 535.2497pt x 385.44pt>
File: Dados/viewedf_02.jpg Graphic file (type jpg)

<use Dados/viewedf_02.jpg>
Package pdftex.def Info: Dados/viewedf_02.jpg used on input line 368.
(pdftex.def)             Requested size: 428.20033pt x 308.35242pt.
 [16 <./Dados/viewedf_02.jpg>] [17]
Overfull \hbox (57.60051pt too wide) in paragraph at lines 413--414
[]\T1/cmr/m/n/10.95 Para a ins-ta-la-ção do \T1/cmr/m/it/10.95 Sta-tis-tic Mo-d
ule\T1/cmr/m/n/10.95 , des-com-pacte to-dos os ar-qui-vos de "Se-tup_SE_Statist
ics.zip"para
 []

<Dados/sleepexplorer01.jpg, id=97, 648.17157pt x 280.04625pt>
File: Dados/sleepexplorer01.jpg Graphic file (type jpg)

<use Dados/sleepexplorer01.jpg>
Package pdftex.def Info: Dados/sleepexplorer01.jpg used on input line 423.
(pdftex.def)             Requested size: 388.90594pt x 168.02904pt.

Overfull \hbox (6.39813pt too wide) in paragraph at lines 430--431
[]\T1/cmr/m/n/10.95 Após, é exi-bida uma caixa de diá-logo com a men-sa-gem "Sa
-ving con-ver-ted sco-ring as View_Rate
 []

<Dados/sleepexplorer02.jpg, id=98, 408.77719pt x 441.14813pt>
File: Dados/sleepexplorer02.jpg Graphic file (type jpg)

<use Dados/sleepexplorer02.jpg>
Package pdftex.def Info: Dados/sleepexplorer02.jpg used on input line 434.
(pdftex.def)             Requested size: 245.2682pt x 264.69092pt.


LaTeX Warning: `!h' float specifier changed to `!ht'.

[18 <./Dados/sleepexplorer01.jpg>]
<Dados/sleepexplorer03.jpg, id=102, 963.6pt x 581.17125pt>
File: Dados/sleepexplorer03.jpg Graphic file (type jpg)

<use Dados/sleepexplorer03.jpg>
Package pdftex.def Info: Dados/sleepexplorer03.jpg used on input line 445.
(pdftex.def)             Requested size: 385.43317pt x 232.46437pt.
 [19 <./Dados/sleepexplorer02.jpg> <./Dados/sleepexplorer03.jpg>]
Cap\'{\i }tulo 6.
[20

]
Underfull \hbox (badness 6284) in paragraph at lines 473--474
[]\T1/cmr/m/n/10.95 CARDOSO, S.H. \T1/cmr/bx/n/10.95 Co-mu-ni-ca-ção en-tre as 
cé-lu-las ner-vo-sas. \T1/cmr/m/n/10.95 Dis-po-ní-vel em
 []


Overfull \hbox (62.09694pt too wide) in paragraph at lines 473--474
\T1/cmr/m/n/10.95 <http://www.cerebromente.org.br/n12/fundamentos/neurotransmis
sores/neurotransmitters2_p.html>.
 []


Overfull \hbox (47.2121pt too wide) in paragraph at lines 476--477
[]\T1/cmr/bx/it/10.95 The Sleep-EDF Da-ta-base. \T1/cmr/m/n/10.95 Dis-po-ní-vel
 em <http://www.physionet.org/physiobank/database/sleep-
 []

[21

] (./TutorialEDF.aux) ) 
Here is how much of TeX's memory you used:
 3633 strings out of 494884
 48002 string characters out of 6179236
 110705 words of memory out of 5000000
 6830 multiletter control sequences out of 15000+600000
 26352 words of font info for 56 fonts, out of 8000000 for 9000
 38 hyphenation exceptions out of 8191
 39i,8n,25p,974b,360s stack positions out of 5000i,500n,10000p,200000b,80000s
 </home/tbnsilveira/.texlive2016/texmf-var/fonts/pk/ljfo
ur/jknappen/ec/ecsi1095.600pk> </home/tbnsilveira/.texlive2016/texmf-var/fonts/
pk/ljfour/jknappen/ec/ecso1440.600pk> </home/tbnsilveira/.texlive2016/texmf-var
/fonts/pk/ljfour/jknappen/ec/ecbi2488.600pk> </home/tbnsilveira/.texlive2016/te
xmf-var/fonts/pk/ljfour/jknappen/ec/ecsx1200.600pk> </home/tbnsilveira/.texlive
2016/texmf-var/fonts/pk/ljfour/jknappen/ec/ecsx1000.600pk> </home/tbnsilveira/.
texlive2016/texmf-var/fonts/pk/ljfour/jknappen/ec/ecss1095.600pk> </home/tbnsil
veira/.texlive2016/texmf-var/fonts/pk/ljfour/jknappen/ec/ecsx1440.600pk> </home
/tbnsilveira/.texlive2016/texmf-var/fonts/pk/ljfour/jknappen/ec/ecti1095.600pk>
 </home/tbnsilveira/.texlive2016/texmf-var/fonts/pk/ljfour/jknappen/ec/ecbi1095
.600pk> </home/tbnsilveira/.texlive2016/texmf-var/fonts/pk/ljfour/jknappen/ec/e
crm1095.600pk> </home/tbnsilveira/.texlive2016/texmf-var/fonts/pk/ljfour/jknapp
en/ec/ecbx1095.600pk> </home/tbnsilveira/.texlive2016/texmf-var/fonts/pk/ljfour
/jknappen/ec/ecbx2488.600pk> </home/tbnsilveira/.texlive2016/texmf-var/fonts/pk
/ljfour/jknappen/ec/ecrm1200.600pk> </home/tbnsilveira/.texlive2016/texmf-var/f
onts/pk/ljfour/jknappen/ec/ecbi1440.600pk> </home/tbnsilveira/.texlive2016/texm
f-var/fonts/pk/ljfour/jknappen/ec/ecbx2074.600pk> </home/tbnsilveira/.texlive20
16/texmf-var/fonts/pk/ljfour/jknappen/ec/eccc1728.600pk></usr/share/texlive/tex
mf-dist/fonts/type1/public/amsfonts/cm/cmmi10.pfb></usr/share/texlive/texmf-dis
t/fonts/type1/public/amsfonts/cm/cmr10.pfb></usr/share/texlive/texmf-dist/fonts
/type1/public/amsfonts/cm/cmr8.pfb></usr/share/texlive/texmf-dist/fonts/type1/p
ublic/amsfonts/cm/cmsy10.pfb></usr/share/texlive/texmf-dist/fonts/type1/public/
amsfonts/cm/cmsy8.pfb>
Output written on TutorialEDF.pdf (23 pages, 1232642 bytes).
PDF statistics:
 742 PDF objects out of 1000 (max. 8388607)
 131 compressed objects within 2 object streams
 0 named destinations out of 1000 (max. 500000)
 81 words of extra memory for PDF output out of 10000 (max. 10000000)

